<?xml version="1.0" encoding="UTF-8"?>
<testng-results ignored="0" total="1" passed="1" failed="0" skipped="0">
  <reporter-output>
  </reporter-output>
  <suite started-at="2022-07-20T12:18:32 IST" name="Default suite" finished-at="2022-07-20T12:18:32 IST" duration-ms="153">
    <groups>
    </groups>
    <test started-at="2022-07-20T12:18:32 IST" name="Default test" finished-at="2022-07-20T12:18:32 IST" duration-ms="153">
      <class name="Smoke.First">
        <test-method signature="TC001()[pri:0, instance:Smoke.First@6da21078]" started-at="2022-07-20T12:18:32 IST" name="TC001" finished-at="2022-07-20T12:18:32 IST" duration-ms="35" status="PASS">
          <reporter-output>
          </reporter-output>
        </test-method> <!-- TC001 -->
      </class> <!-- Smoke.First -->
    </test> <!-- Default test -->
  </suite> <!-- Default suite -->
</testng-results>
